[23Jan2025 00:00:24.660] [Server thread/INFO] [net.minecraft.server.MinecraftServer/]: Rumo_fr3 has made the advancement [Surge Protector]
[23Jan2025 00:00:24.663] [Server thread/INFO] [net.minecraft.server.MinecraftServer/]: hoaku has made the advancement [Surge Protector]
[23Jan2025 00:00:24.663] [Server thread/INFO] [net.minecraft.server.MinecraftServer/]: Thecno662 has made the advancement [Surge Protector]
[23Jan2025 00:02:51.484] [Server thread/INFO] [net.minecraft.server.MinecraftServer/]: [Not Secure] <Rumo_fr3> wdw
[23Jan2025 00:02:52.398] [Server thread/WARN] [tombstone/]: The death event of the player Rumo_fr3 was canceled by another mod
[23Jan2025 00:02:52.489] [Server thread/INFO] [tombstone/]: The player Rumo_fr3 has successfully been saved
[23Jan2025 00:03:08.713] [Server thread/INFO] [com.tiviacz.travelersbackpack.TravelersBackpack/]: Created new backpack backup file for Rumo_fr3 with unique ID 3d302443-525e-4132-966f-bf86eaa6d485
[23Jan2025 00:03:08.714] [Server thread/INFO] [com.tiviacz.travelersbackpack.TravelersBackpack/]: Your backpack has been placed at X: -3880 Y: 72 Z: -1391
[23Jan2025 00:03:08.714] [Server thread/INFO] [net.minecraft.server.MinecraftServer/]: Rumo_fr3 was slain by Frostmaw
[23Jan2025 00:03:09.366] [Server thread/INFO] [net.minecraft.server.MinecraftServer/]: hoaku has completed the challenge [Rude Awakening]
[23Jan2025 00:05:42.948] [Server thread/ERROR] [net.minecraft.Util/]: Invalid entity rotation: NaN, discarding.
[23Jan2025 00:05:43.047] [Server thread/ERROR] [net.minecraft.Util/]: Invalid entity rotation: NaN, discarding.
[23Jan2025 00:05:43.147] [Server thread/ERROR] [net.minecraft.Util/]: Invalid entity rotation: NaN, discarding.
[23Jan2025 00:05:43.250] [Server thread/ERROR] [net.minecraft.Util/]: Invalid entity rotation: NaN, discarding.
[23Jan2025 00:05:43.346] [Server thread/ERROR] [net.minecraft.Util/]: Invalid entity rotation: NaN, discarding.
[23Jan2025 00:05:43.454] [Server thread/ERROR] [net.minecraft.Util/]: Invalid entity rotation: NaN, discarding.
[23Jan2025 00:05:43.545] [Server thread/ERROR] [net.minecraft.Util/]: Invalid entity rotation: NaN, discarding.
[23Jan2025 00:05:43.646] [Server thread/ERROR] [net.minecraft.Util/]: Invalid entity rotation: NaN, discarding.
[23Jan2025 00:05:43.748] [Server thread/ERROR] [net.minecraft.Util/]: Invalid entity rotation: NaN, discarding.
[23Jan2025 00:05:43.844] [Server thread/ERROR] [net.minecraft.Util/]: Invalid entity rotation: NaN, discarding.
[23Jan2025 00:05:43.966] [Server thread/ERROR] [net.minecraft.Util/]: Invalid entity rotation: NaN, discarding.
[23Jan2025 00:05:44.049] [Server thread/ERROR] [net.minecraft.Util/]: Invalid entity rotation: NaN, discarding.
[23Jan2025 00:05:44.148] [Server thread/ERROR] [net.minecraft.Util/]: Invalid entity rotation: NaN, discarding.
[23Jan2025 00:05:44.251] [Server thread/ERROR] [net.minecraft.Util/]: Invalid entity rotation: NaN, discarding.
[23Jan2025 00:05:44.347] [Server thread/ERROR] [net.minecraft.Util/]: Invalid entity rotation: NaN, discarding.
[23Jan2025 00:05:44.448] [Server thread/ERROR] [net.minecraft.Util/]: Invalid entity rotation: NaN, discarding.
[23Jan2025 00:05:44.552] [Server thread/ERROR] [net.minecraft.Util/]: Invalid entity rotation: NaN, discarding.
[23Jan2025 00:05:44.652] [Server thread/ERROR] [net.minecraft.Util/]: Invalid entity rotation: NaN, discarding.
[23Jan2025 00:05:44.748] [Server thread/ERROR] [net.minecraft.Util/]: Invalid entity rotation: NaN, discarding.
[23Jan2025 00:05:44.847] [Server thread/ERROR] [net.minecraft.Util/]: Invalid entity rotation: NaN, discarding.
[23Jan2025 00:05:44.961] [Server thread/ERROR] [net.minecraft.Util/]: Invalid entity rotation: NaN, discarding.
[23Jan2025 00:05:45.049] [Server thread/ERROR] [net.minecraft.Util/]: Invalid entity rotation: NaN, discarding.
[23Jan2025 00:05:45.146] [Server thread/ERROR] [net.minecraft.Util/]: Invalid entity rotation: NaN, discarding.
[23Jan2025 00:05:45.245] [Server thread/ERROR] [net.minecraft.Util/]: Invalid entity rotation: NaN, discarding.
[23Jan2025 00:05:45.347] [Server thread/ERROR] [net.minecraft.Util/]: Invalid entity rotation: NaN, discarding.
[23Jan2025 00:05:45.463] [Server thread/ERROR] [net.minecraft.Util/]: Invalid entity rotation: NaN, discarding.
[23Jan2025 00:05:45.552] [Server thread/ERROR] [net.minecraft.Util/]: Invalid entity rotation: NaN, discarding.
[23Jan2025 00:05:45.655] [Server thread/ERROR] [net.minecraft.Util/]: Invalid entity rotation: NaN, discarding.
[23Jan2025 00:05:45.755] [Server thread/ERROR] [net.minecraft.Util/]: Invalid entity rotation: NaN, discarding.
[23Jan2025 00:05:45.849] [Server thread/ERROR] [net.minecraft.Util/]: Invalid entity rotation: NaN, discarding.
[23Jan2025 00:05:45.950] [Server thread/ERROR] [net.minecraft.Util/]: Invalid entity rotation: NaN, discarding.
[23Jan2025 00:05:46.047] [Server thread/ERROR] [net.minecraft.Util/]: Invalid entity rotation: NaN, discarding.
[23Jan2025 00:05:46.145] [Server thread/ERROR] [net.minecraft.Util/]: Invalid entity rotation: NaN, discarding.
[23Jan2025 00:05:46.253] [Server thread/ERROR] [net.minecraft.Util/]: Invalid entity rotation: NaN, discarding.
[23Jan2025 00:05:46.345] [Server thread/ERROR] [net.minecraft.Util/]: Invalid entity rotation: NaN, discarding.
[23Jan2025 00:05:46.446] [Server thread/ERROR] [net.minecraft.Util/]: Invalid entity rotation: NaN, discarding.
[23Jan2025 00:05:46.548] [Server thread/ERROR] [net.minecraft.Util/]: Invalid entity rotation: NaN, discarding.
[23Jan2025 00:05:46.648] [Server thread/ERROR] [net.minecraft.Util/]: Invalid entity rotation: NaN, discarding.
[23Jan2025 00:05:46.756] [Server thread/ERROR] [net.minecraft.Util/]: Invalid entity rotation: NaN, discarding.
[23Jan2025 00:05:46.844] [Server thread/ERROR] [net.minecraft.Util/]: Invalid entity rotation: NaN, discarding.
[23Jan2025 00:05:46.948] [Server thread/ERROR] [net.minecraft.Util/]: Invalid entity rotation: NaN, discarding.
[23Jan2025 00:05:47.061] [Server thread/ERROR] [net.minecraft.Util/]: Invalid entity rotation: NaN, discarding.
[23Jan2025 00:05:47.146] [Server thread/ERROR] [net.minecraft.Util/]: Invalid entity rotation: NaN, discarding.
[23Jan2025 00:05:47.251] [Server thread/ERROR] [net.minecraft.Util/]: Invalid entity rotation: NaN, discarding.
[23Jan2025 00:05:47.351] [Server thread/ERROR] [net.minecraft.Util/]: Invalid entity rotation: NaN, discarding.
[23Jan2025 00:05:47.444] [Server thread/ERROR] [net.minecraft.Util/]: Invalid entity rotation: NaN, discarding.
[23Jan2025 00:05:47.546] [Server thread/ERROR] [net.minecraft.Util/]: Invalid entity rotation: NaN, discarding.
[23Jan2025 00:05:47.647] [Server thread/ERROR] [net.minecraft.Util/]: Invalid entity rotation: NaN, discarding.
[23Jan2025 00:05:47.755] [Server thread/ERROR] [net.minecraft.Util/]: Invalid entity rotation: NaN, discarding.
[23Jan2025 00:05:47.861] [Server thread/ERROR] [net.minecraft.Util/]: Invalid entity rotation: NaN, discarding.
[23Jan2025 00:05:47.960] [Server thread/ERROR] [net.minecraft.Util/]: Invalid entity rotation: NaN, discarding.
[23Jan2025 00:05:48.052] [Server thread/ERROR] [net.minecraft.Util/]: Invalid entity rotation: NaN, discarding.
[23Jan2025 00:05:48.158] [Server thread/ERROR] [net.minecraft.Util/]: Invalid entity rotation: NaN, discarding.
[23Jan2025 00:05:48.245] [Server thread/ERROR] [net.minecraft.Util/]: Invalid entity rotation: NaN, discarding.
[23Jan2025 00:05:48.345] [Server thread/ERROR] [net.minecraft.Util/]: Invalid entity rotation: NaN, discarding.
[23Jan2025 00:05:48.458] [Server thread/ERROR] [net.minecraft.Util/]: Invalid entity rotation: NaN, discarding.
[23Jan2025 00:05:48.552] [Server thread/ERROR] [net.minecraft.Util/]: Invalid entity rotation: NaN, discarding.
[23Jan2025 00:05:48.645] [Server thread/ERROR] [net.minecraft.Util/]: Invalid entity rotation: NaN, discarding.
[23Jan2025 00:05:48.748] [Server thread/ERROR] [net.minecraft.Util/]: Invalid entity rotation: NaN, discarding.
[23Jan2025 00:05:48.844] [Server thread/ERROR] [net.minecraft.Util/]: Invalid entity rotation: NaN, discarding.
[23Jan2025 00:05:48.945] [Server thread/ERROR] [net.minecraft.Util/]: Invalid entity rotation: NaN, discarding.
[23Jan2025 00:05:49.054] [Server thread/ERROR] [net.minecraft.Util/]: Invalid entity rotation: NaN, discarding.
[23Jan2025 00:05:49.143] [Server thread/ERROR] [net.minecraft.Util/]: Invalid entity rotation: NaN, discarding.
[23Jan2025 00:05:49.246] [Server thread/ERROR] [net.minecraft.Util/]: Invalid entity rotation: NaN, discarding.
[23Jan2025 00:05:49.346] [Server thread/ERROR] [net.minecraft.Util/]: Invalid entity rotation: NaN, discarding.
[23Jan2025 00:05:49.447] [Server thread/ERROR] [net.minecraft.Util/]: Invalid entity rotation: NaN, discarding.
[23Jan2025 00:05:49.551] [Server thread/ERROR] [net.minecraft.Util/]: Invalid entity rotation: NaN, discarding.
[23Jan2025 00:05:49.668] [Server thread/ERROR] [net.minecraft.Util/]: Invalid entity rotation: NaN, discarding.
[23Jan2025 00:05:49.746] [Server thread/ERROR] [net.minecraft.Util/]: Invalid entity rotation: NaN, discarding.
[23Jan2025 00:05:49.856] [Server thread/ERROR] [net.minecraft.Util/]: Invalid entity rotation: NaN, discarding.
[23Jan2025 00:05:49.952] [Server thread/ERROR] [net.minecraft.Util/]: Invalid entity rotation: NaN, discarding.
[23Jan2025 00:05:50.093] [Server thread/ERROR] [net.minecraft.Util/]: Invalid entity rotation: NaN, discarding.
[23Jan2025 00:05:50.169] [Server thread/ERROR] [net.minecraft.Util/]: Invalid entity rotation: NaN, discarding.
[23Jan2025 00:05:50.253] [Server thread/ERROR] [net.minecraft.Util/]: Invalid entity rotation: NaN, discarding.
[23Jan2025 00:05:50.345] [Server thread/ERROR] [net.minecraft.Util/]: Invalid entity rotation: NaN, discarding.
[23Jan2025 00:05:50.490] [Server thread/ERROR] [net.minecraft.Util/]: Invalid entity rotation: NaN, discarding.
[23Jan2025 00:05:50.559] [Server thread/ERROR] [net.minecraft.Util/]: Invalid entity rotation: NaN, discarding.
[23Jan2025 00:05:50.652] [Server thread/ERROR] [net.minecraft.Util/]: Invalid entity rotation: NaN, discarding.
[23Jan2025 00:05:50.747] [Server thread/ERROR] [net.minecraft.Util/]: Invalid entity rotation: NaN, discarding.
[23Jan2025 00:05:50.854] [Server thread/ERROR] [net.minecraft.Util/]: Invalid entity rotation: NaN, discarding.
[23Jan2025 00:05:50.949] [Server thread/ERROR] [net.minecraft.Util/]: Invalid entity rotation: NaN, discarding.
[23Jan2025 00:05:51.049] [Server thread/ERROR] [net.minecraft.Util/]: Invalid entity rotation: NaN, discarding.
[23Jan2025 00:05:51.147] [Server thread/ERROR] [net.minecraft.Util/]: Invalid entity rotation: NaN, discarding.
[23Jan2025 00:05:51.251] [Server thread/ERROR] [net.minecraft.Util/]: Invalid entity rotation: NaN, discarding.
[23Jan2025 00:05:51.346] [Server thread/ERROR] [net.minecraft.Util/]: Invalid entity rotation: NaN, discarding.
[23Jan2025 00:05:51.445] [Server thread/ERROR] [net.minecraft.Util/]: Invalid entity rotation: NaN, discarding.
[23Jan2025 00:05:51.556] [Server thread/ERROR] [net.minecraft.Util/]: Invalid entity rotation: NaN, discarding.
[23Jan2025 00:05:51.661] [Server thread/ERROR] [net.minecraft.Util/]: Invalid entity rotation: NaN, discarding.
[23Jan2025 00:05:51.745] [Server thread/ERROR] [net.minecraft.Util/]: Invalid entity rotation: NaN, discarding.
[23Jan2025 00:05:51.846] [Server thread/ERROR] [net.minecraft.Util/]: Invalid entity rotation: NaN, discarding.
[23Jan2025 00:05:51.946] [Server thread/ERROR] [net.minecraft.Util/]: Invalid entity rotation: NaN, discarding.
[23Jan2025 00:05:52.052] [Server thread/ERROR] [net.minecraft.Util/]: Invalid entity rotation: NaN, discarding.
[23Jan2025 00:05:52.154] [Server thread/ERROR] [net.minecraft.Util/]: Invalid entity rotation: NaN, discarding.
[23Jan2025 00:05:52.250] [Server thread/ERROR] [net.minecraft.Util/]: Invalid entity rotation: NaN, discarding.
[23Jan2025 00:05:52.345] [Server thread/ERROR] [net.minecraft.Util/]: Invalid entity rotation: NaN, discarding.
[23Jan2025 00:05:52.448] [Server thread/ERROR] [net.minecraft.Util/]: Invalid entity rotation: NaN, discarding.
[23Jan2025 00:05:52.574] [Server thread/ERROR] [net.minecraft.Util/]: Invalid entity rotation: NaN, discarding.
[23Jan2025 00:05:52.669] [Server thread/ERROR] [net.minecraft.Util/]: Invalid entity rotation: NaN, discarding.
[23Jan2025 00:05:52.746] [Server thread/ERROR] [net.minecraft.Util/]: Invalid entity rotation: NaN, discarding.
[23Jan2025 00:05:52.851] [Server thread/ERROR] [net.minecraft.Util/]: Invalid entity rotation: NaN, discarding.
[23Jan2025 00:05:52.953] [Server thread/ERROR] [net.minecraft.Util/]: Invalid entity rotation: NaN, discarding.
[23Jan2025 00:05:53.050] [Server thread/ERROR] [net.minecraft.Util/]: Invalid entity rotation: NaN, discarding.
[23Jan2025 00:05:53.147] [Server thread/ERROR] [net.minecraft.Util/]: Invalid entity rotation: NaN, discarding.
[23Jan2025 00:05:53.253] [Server thread/ERROR] [net.minecraft.Util/]: Invalid entity rotation: NaN, discarding.
[23Jan2025 00:05:53.345] [Server thread/ERROR] [net.minecraft.Util/]: Invalid entity rotation: NaN, discarding.
[23Jan2025 00:05:53.448] [Server thread/ERROR] [net.minecraft.Util/]: Invalid entity rotation: NaN, discarding.
[23Jan2025 00:05:53.547] [Server thread/ERROR] [net.minecraft.Util/]: Invalid entity rotation: NaN, discarding.
[23Jan2025 00:05:53.646] [Server thread/ERROR] [net.minecraft.Util/]: Invalid entity rotation: NaN, discarding.
[23Jan2025 00:05:53.746] [Server thread/ERROR] [net.minecraft.Util/]: Invalid entity rotation: NaN, discarding.
[23Jan2025 00:05:53.844] [Server thread/ERROR] [net.minecraft.Util/]: Invalid entity rotation: NaN, discarding.
[23Jan2025 00:05:53.945] [Server thread/ERROR] [net.minecraft.Util/]: Invalid entity rotation: NaN, discarding.
[23Jan2025 00:05:54.047] [Server thread/ERROR] [net.minecraft.Util/]: Invalid entity rotation: NaN, discarding.
[23Jan2025 00:05:54.145] [Server thread/ERROR] [net.minecraft.Util/]: Invalid entity rotation: NaN, discarding.
[23Jan2025 00:05:54.246] [Server thread/ERROR] [net.minecraft.Util/]: Invalid entity rotation: NaN, discarding.
[23Jan2025 00:05:54.345] [Server thread/ERROR] [net.minecraft.Util/]: Invalid entity rotation: NaN, discarding.
[23Jan2025 00:05:54.445] [Server thread/ERROR] [net.minecraft.Util/]: Invalid entity rotation: NaN, discarding.
[23Jan2025 00:05:54.544] [Server thread/ERROR] [net.minecraft.Util/]: Invalid entity rotation: NaN, discarding.
[23Jan2025 00:05:54.645] [Server thread/ERROR] [net.minecraft.Util/]: Invalid entity rotation: NaN, discarding.
[23Jan2025 00:05:54.747] [Server thread/ERROR] [net.minecraft.Util/]: Invalid entity rotation: NaN, discarding.
[23Jan2025 00:05:54.845] [Server thread/ERROR] [net.minecraft.Util/]: Invalid entity rotation: NaN, discarding.
[23Jan2025 00:05:54.943] [Server thread/ERROR] [net.minecraft.Util/]: Invalid entity rotation: NaN, discarding.
[23Jan2025 00:05:55.043] [Server thread/ERROR] [net.minecraft.Util/]: Invalid entity rotation: NaN, discarding.
[23Jan2025 00:05:55.145] [Server thread/ERROR] [net.minecraft.Util/]: Invalid entity rotation: NaN, discarding.
[23Jan2025 00:05:55.245] [Server thread/ERROR] [net.minecraft.Util/]: Invalid entity rotation: NaN, discarding.
[23Jan2025 00:05:55.344] [Server thread/ERROR] [net.minecraft.Util/]: Invalid entity rotation: NaN, discarding.
[23Jan2025 00:05:55.444] [Server thread/ERROR] [net.minecraft.Util/]: Invalid entity rotation: NaN, discarding.
[23Jan2025 00:05:55.546] [Server thread/ERROR] [net.minecraft.Util/]: Invalid entity rotation: NaN, discarding.
[23Jan2025 00:05:55.645] [Server thread/ERROR] [net.minecraft.Util/]: Invalid entity rotation: NaN, discarding.
[23Jan2025 00:05:55.745] [Server thread/ERROR] [net.minecraft.Util/]: Invalid entity rotation: NaN, discarding.
[23Jan2025 00:05:55.853] [Server thread/ERROR] [net.minecraft.Util/]: Invalid entity rotation: NaN, discarding.
[23Jan2025 00:05:55.945] [Server thread/ERROR] [net.minecraft.Util/]: Invalid entity rotation: NaN, discarding.
[23Jan2025 00:05:56.043] [Server thread/ERROR] [net.minecraft.Util/]: Invalid entity rotation: NaN, discarding.
[23Jan2025 00:05:56.145] [Server thread/ERROR] [net.minecraft.Util/]: Invalid entity rotation: NaN, discarding.
[23Jan2025 00:05:56.244] [Server thread/ERROR] [net.minecraft.Util/]: Invalid entity rotation: NaN, discarding.
[23Jan2025 00:05:56.349] [Server thread/ERROR] [net.minecraft.Util/]: Invalid entity rotation: NaN, discarding.
[23Jan2025 00:05:56.445] [Server thread/ERROR] [net.minecraft.Util/]: Invalid entity rotation: NaN, discarding.
[23Jan2025 00:05:56.545] [Server thread/ERROR] [net.minecraft.Util/]: Invalid entity rotation: NaN, discarding.
[23Jan2025 00:05:56.643] [Server thread/ERROR] [net.minecraft.Util/]: Invalid entity rotation: NaN, discarding.
[23Jan2025 00:05:56.743] [Server thread/ERROR] [net.minecraft.Util/]: Invalid entity rotation: NaN, discarding.
[23Jan2025 00:05:56.845] [Server thread/ERROR] [net.minecraft.Util/]: Invalid entity rotation: NaN, discarding.
[23Jan2025 00:05:56.945] [Server thread/ERROR] [net.minecraft.Util/]: Invalid entity rotation: NaN, discarding.
[23Jan2025 00:05:57.044] [Server thread/ERROR] [net.minecraft.Util/]: Invalid entity rotation: NaN, discarding.
[23Jan2025 00:05:57.145] [Server thread/ERROR] [net.minecraft.Util/]: Invalid entity rotation: NaN, discarding.
[23Jan2025 00:05:57.244] [Server thread/ERROR] [net.minecraft.Util/]: Invalid entity rotation: NaN, discarding.
[23Jan2025 00:05:57.344] [Server thread/ERROR] [net.minecraft.Util/]: Invalid entity rotation: NaN, discarding.
[23Jan2025 00:05:57.444] [Server thread/ERROR] [net.minecraft.Util/]: Invalid entity rotation: NaN, discarding.
[23Jan2025 00:05:57.545] [Server thread/ERROR] [net.minecraft.Util/]: Invalid entity rotation: NaN, discarding.
[23Jan2025 00:05:57.644] [Server thread/ERROR] [net.minecraft.Util/]: Invalid entity rotation: NaN, discarding.
[23Jan2025 00:05:57.746] [Server thread/ERROR] [net.minecraft.Util/]: Invalid entity rotation: NaN, discarding.
[23Jan2025 00:05:57.844] [Server thread/ERROR] [net.minecraft.Util/]: Invalid entity rotation: NaN, discarding.
[23Jan2025 00:05:57.947] [Server thread/ERROR] [net.minecraft.Util/]: Invalid entity rotation: NaN, discarding.
[23Jan2025 00:05:58.048] [Server thread/ERROR] [net.minecraft.Util/]: Invalid entity rotation: NaN, discarding.
[23Jan2025 00:05:58.145] [Server thread/ERROR] [net.minecraft.Util/]: Invalid entity rotation: NaN, discarding.
[23Jan2025 00:05:58.246] [Server thread/ERROR] [net.minecraft.Util/]: Invalid entity rotation: NaN, discarding.
[23Jan2025 00:05:58.344] [Server thread/ERROR] [net.minecraft.Util/]: Invalid entity rotation: NaN, discarding.
[23Jan2025 00:05:58.447] [Server thread/ERROR] [net.minecraft.Util/]: Invalid entity rotation: NaN, discarding.
[23Jan2025 00:05:58.545] [Server thread/ERROR] [net.minecraft.Util/]: Invalid entity rotation: NaN, discarding.
[23Jan2025 00:05:58.644] [Server thread/ERROR] [net.minecraft.Util/]: Invalid entity rotation: NaN, discarding.
[23Jan2025 00:05:58.744] [Server thread/ERROR] [net.minecraft.Util/]: Invalid entity rotation: NaN, discarding.
[23Jan2025 00:05:58.843] [Server thread/ERROR] [net.minecraft.Util/]: Invalid entity rotation: NaN, discarding.
[23Jan2025 00:05:58.944] [Server thread/ERROR] [net.minecraft.Util/]: Invalid entity rotation: NaN, discarding.
[23Jan2025 00:05:59.043] [Server thread/ERROR] [net.minecraft.Util/]: Invalid entity rotation: NaN, discarding.
[23Jan2025 00:05:59.144] [Server thread/ERROR] [net.minecraft.Util/]: Invalid entity rotation: NaN, discarding.
[23Jan2025 00:05:59.243] [Server thread/ERROR] [net.minecraft.Util/]: Invalid entity rotation: NaN, discarding.
[23Jan2025 00:05:59.344] [Server thread/ERROR] [net.minecraft.Util/]: Invalid entity rotation: NaN, discarding.
[23Jan2025 00:05:59.445] [Server thread/ERROR] [net.minecraft.Util/]: Invalid entity rotation: NaN, discarding.
[23Jan2025 00:05:59.543] [Server thread/ERROR] [net.minecraft.Util/]: Invalid entity rotation: NaN, discarding.
[23Jan2025 00:05:59.647] [Server thread/ERROR] [net.minecraft.Util/]: Invalid entity rotation: NaN, discarding.
[23Jan2025 00:05:59.744] [Server thread/ERROR] [net.minecraft.Util/]: Invalid entity rotation: NaN, discarding.
[23Jan2025 00:05:59.844] [Server thread/ERROR] [net.minecraft.Util/]: Invalid entity rotation: NaN, discarding.
[23Jan2025 00:05:59.944] [Server thread/ERROR] [net.minecraft.Util/]: Invalid entity rotation: NaN, discarding.
[23Jan2025 00:06:00.044] [Server thread/ERROR] [net.minecraft.Util/]: Invalid entity rotation: NaN, discarding.
[23Jan2025 00:06:00.147] [Server thread/ERROR] [net.minecraft.Util/]: Invalid entity rotation: NaN, discarding.
[23Jan2025 00:06:00.243] [Server thread/ERROR] [net.minecraft.Util/]: Invalid entity rotation: NaN, discarding.
[23Jan2025 00:06:00.345] [Server thread/ERROR] [net.minecraft.Util/]: Invalid entity rotation: NaN, discarding.
[23Jan2025 00:06:00.445] [Server thread/ERROR] [net.minecraft.Util/]: Invalid entity rotation: NaN, discarding.
[23Jan2025 00:06:00.542] [Server thread/ERROR] [net.minecraft.Util/]: Invalid entity rotation: NaN, discarding.
[23Jan2025 00:06:00.644] [Server thread/ERROR] [net.minecraft.Util/]: Invalid entity rotation: NaN, discarding.
[23Jan2025 00:06:00.747] [Server thread/ERROR] [net.minecraft.Util/]: Invalid entity rotation: NaN, discarding.
[23Jan2025 00:06:00.849] [Server thread/ERROR] [net.minecraft.Util/]: Invalid entity rotation: NaN, discarding.
[23Jan2025 00:06:00.944] [Server thread/ERROR] [net.minecraft.Util/]: Invalid entity rotation: NaN, discarding.
[23Jan2025 00:06:01.044] [Server thread/ERROR] [net.minecraft.Util/]: Invalid entity rotation: NaN, discarding.
[23Jan2025 00:06:01.144] [Server thread/ERROR] [net.minecraft.Util/]: Invalid entity rotation: NaN, discarding.
[23Jan2025 00:06:01.244] [Server thread/ERROR] [net.minecraft.Util/]: Invalid entity rotation: NaN, discarding.
[23Jan2025 00:06:01.343] [Server thread/ERROR] [net.minecraft.Util/]: Invalid entity rotation: NaN, discarding.
[23Jan2025 00:06:01.444] [Server thread/ERROR] [net.minecraft.Util/]: Invalid entity rotation: NaN, discarding.
[23Jan2025 00:06:01.545] [Server thread/ERROR] [net.minecraft.Util/]: Invalid entity rotation: NaN, discarding.
[23Jan2025 00:06:01.645] [Server thread/ERROR] [net.minecraft.Util/]: Invalid entity rotation: NaN, discarding.
[23Jan2025 00:06:01.746] [Server thread/ERROR] [net.minecraft.Util/]: Invalid entity rotation: NaN, discarding.
[23Jan2025 00:06:01.844] [Server thread/ERROR] [net.minecraft.Util/]: Invalid entity rotation: NaN, discarding.
[23Jan2025 00:06:01.944] [Server thread/ERROR] [net.minecraft.Util/]: Invalid entity rotation: NaN, discarding.
[23Jan2025 00:06:02.043] [Server thread/ERROR] [net.minecraft.Util/]: Invalid entity rotation: NaN, discarding.
[23Jan2025 00:06:02.143] [Server thread/ERROR] [net.minecraft.Util/]: Invalid entity rotation: NaN, discarding.
[23Jan2025 00:06:02.244] [Server thread/ERROR] [net.minecraft.Util/]: Invalid entity rotation: NaN, discarding.
[23Jan2025 00:06:02.344] [Server thread/ERROR] [net.minecraft.Util/]: Invalid entity rotation: NaN, discarding.
[23Jan2025 00:06:02.444] [Server thread/ERROR] [net.minecraft.Util/]: Invalid entity rotation: NaN, discarding.
[23Jan2025 00:06:02.544] [Server thread/ERROR] [net.minecraft.Util/]: Invalid entity rotation: NaN, discarding.
[23Jan2025 00:06:02.643] [Server thread/ERROR] [net.minecraft.Util/]: Invalid entity rotation: NaN, discarding.
[23Jan2025 00:06:02.745] [Server thread/ERROR] [net.minecraft.Util/]: Invalid entity rotation: NaN, discarding.
[23Jan2025 00:06:02.843] [Server thread/ERROR] [net.minecraft.Util/]: Invalid entity rotation: NaN, discarding.
[23Jan2025 00:06:02.944] [Server thread/ERROR] [net.minecraft.Util/]: Invalid entity rotation: NaN, discarding.
[23Jan2025 00:06:03.042] [Server thread/ERROR] [net.minecraft.Util/]: Invalid entity rotation: NaN, discarding.
[23Jan2025 00:06:03.147] [Server thread/ERROR] [net.minecraft.Util/]: Invalid entity rotation: NaN, discarding.
[23Jan2025 00:06:03.244] [Server thread/ERROR] [net.minecraft.Util/]: Invalid entity rotation: NaN, discarding.
[23Jan2025 00:06:03.345] [Server thread/ERROR] [net.minecraft.Util/]: Invalid entity rotation: NaN, discarding.
[23Jan2025 00:06:03.444] [Server thread/ERROR] [net.minecraft.Util/]: Invalid entity rotation: NaN, discarding.
[23Jan2025 00:06:03.545] [Server thread/ERROR] [net.minecraft.Util/]: Invalid entity rotation: NaN, discarding.
[23Jan2025 00:06:03.645] [Server thread/ERROR] [net.minecraft.Util/]: Invalid entity rotation: NaN, discarding.
[23Jan2025 00:06:03.747] [Server thread/ERROR] [net.minecraft.Util/]: Invalid entity rotation: NaN, discarding.
[23Jan2025 00:06:03.845] [Server thread/ERROR] [net.minecraft.Util/]: Invalid entity rotation: NaN, discarding.
[23Jan2025 00:06:03.942] [Server thread/ERROR] [net.minecraft.Util/]: Invalid entity rotation: NaN, discarding.
[23Jan2025 00:06:04.044] [Server thread/ERROR] [net.minecraft.Util/]: Invalid entity rotation: NaN, discarding.
[23Jan2025 00:06:04.144] [Server thread/ERROR] [net.minecraft.Util/]: Invalid entity rotation: NaN, discarding.
[23Jan2025 00:06:04.246] [Server thread/ERROR] [net.minecraft.Util/]: Invalid entity rotation: NaN, discarding.
[23Jan2025 00:06:04.344] [Server thread/ERROR] [net.minecraft.Util/]: Invalid entity rotation: NaN, discarding.
[23Jan2025 00:06:04.446] [Server thread/ERROR] [net.minecraft.Util/]: Invalid entity rotation: NaN, discarding.
[23Jan2025 00:06:04.544] [Server thread/ERROR] [net.minecraft.Util/]: Invalid entity rotation: NaN, discarding.
[23Jan2025 00:06:04.644] [Server thread/ERROR] [net.minecraft.Util/]: Invalid entity rotation: NaN, discarding.
[23Jan2025 00:06:04.747] [Server thread/ERROR] [net.minecraft.Util/]: Invalid entity rotation: NaN, discarding.
[23Jan2025 00:06:04.843] [Server thread/ERROR] [net.minecraft.Util/]: Invalid entity rotation: NaN, discarding.
[23Jan2025 00:06:04.945] [Server thread/ERROR] [net.minecraft.Util/]: Invalid entity rotation: NaN, discarding.
[23Jan2025 00:06:05.049] [Server thread/ERROR] [net.minecraft.Util/]: Invalid entity rotation: NaN, discarding.
[23Jan2025 00:06:05.146] [Server thread/ERROR] [net.minecraft.Util/]: Invalid entity rotation: NaN, discarding.
[23Jan2025 00:06:05.246] [Server thread/ERROR] [net.minecraft.Util/]: Invalid entity rotation: NaN, discarding.
[23Jan2025 00:06:05.348] [Server thread/ERROR] [net.minecraft.Util/]: Invalid entity rotation: NaN, discarding.
[23Jan2025 00:06:05.447] [Server thread/ERROR] [net.minecraft.Util/]: Invalid entity rotation: NaN, discarding.
[23Jan2025 00:06:05.551] [Server thread/ERROR] [net.minecraft.Util/]: Invalid entity rotation: NaN, discarding.
[23Jan2025 00:06:05.647] [Server thread/ERROR] [net.minecraft.Util/]: Invalid entity rotation: NaN, discarding.
[23Jan2025 00:06:05.746] [Server thread/ERROR] [net.minecraft.Util/]: Invalid entity rotation: NaN, discarding.
[23Jan2025 00:06:05.846] [Server thread/ERROR] [net.minecraft.Util/]: Invalid entity rotation: NaN, discarding.
[23Jan2025 00:06:05.950] [Server thread/ERROR] [net.minecraft.Util/]: Invalid entity rotation: NaN, discarding.
[23Jan2025 00:06:06.056] [Server thread/ERROR] [net.minecraft.Util/]: Invalid entity rotation: NaN, discarding.
[23Jan2025 00:06:06.146] [Server thread/ERROR] [net.minecraft.Util/]: Invalid entity rotation: NaN, discarding.
[23Jan2025 00:06:06.252] [Server thread/ERROR] [net.minecraft.Util/]: Invalid entity rotation: NaN, discarding.
[23Jan2025 00:06:06.344] [Server thread/ERROR] [net.minecraft.Util/]: Invalid entity rotation: NaN, discarding.
[23Jan2025 00:06:06.460] [Server thread/ERROR] [net.minecraft.Util/]: Invalid entity rotation: NaN, discarding.
[23Jan2025 00:06:06.547] [Server thread/ERROR] [net.minecraft.Util/]: Invalid entity rotation: NaN, discarding.
[23Jan2025 00:06:06.646] [Server thread/ERROR] [net.minecraft.Util/]: Invalid entity rotation: NaN, discarding.
[23Jan2025 00:06:06.761] [Server thread/ERROR] [net.minecraft.Util/]: Invalid entity rotation: NaN, discarding.
[23Jan2025 00:06:06.851] [Server thread/ERROR] [net.minecraft.Util/]: Invalid entity rotation: NaN, discarding.
[23Jan2025 00:06:06.947] [Server thread/ERROR] [net.minecraft.Util/]: Invalid entity rotation: NaN, discarding.
[23Jan2025 00:06:07.047] [Server thread/ERROR] [net.minecraft.Util/]: Invalid entity rotation: NaN, discarding.
[23Jan2025 00:06:07.149] [Server thread/ERROR] [net.minecraft.Util/]: Invalid entity rotation: NaN, discarding.
[23Jan2025 00:06:07.247] [Server thread/ERROR] [net.minecraft.Util/]: Invalid entity rotation: NaN, discarding.
[23Jan2025 00:06:07.346] [Server thread/ERROR] [net.minecraft.Util/]: Invalid entity rotation: NaN, discarding.
[23Jan2025 00:06:07.450] [Server thread/ERROR] [net.minecraft.Util/]: Invalid entity rotation: NaN, discarding.
[23Jan2025 00:06:07.547] [Server thread/ERROR] [net.minecraft.Util/]: Invalid entity rotation: NaN, discarding.
[23Jan2025 00:06:07.657] [Server thread/ERROR] [net.minecraft.Util/]: Invalid entity rotation: NaN, discarding.
[23Jan2025 00:06:07.744] [Server thread/ERROR] [net.minecraft.Util/]: Invalid entity rotation: NaN, discarding.
[23Jan2025 00:06:07.843] [Server thread/ERROR] [net.minecraft.Util/]: Invalid entity rotation: NaN, discarding.
[23Jan2025 00:06:07.951] [Server thread/ERROR] [net.minecraft.Util/]: Invalid entity rotation: NaN, discarding.
[23Jan2025 00:06:08.044] [Server thread/ERROR] [net.minecraft.Util/]: Invalid entity rotation: NaN, discarding.
[23Jan2025 00:06:08.144] [Server thread/ERROR] [net.minecraft.Util/]: Invalid entity rotation: NaN, discarding.
[23Jan2025 00:06:08.245] [Server thread/ERROR] [net.minecraft.Util/]: Invalid entity rotation: NaN, discarding.
[23Jan2025 00:06:08.343] [Server thread/ERROR] [net.minecraft.Util/]: Invalid entity rotation: NaN, discarding.
[23Jan2025 00:06:08.445] [Server thread/ERROR] [net.minecraft.Util/]: Invalid entity rotation: NaN, discarding.
[23Jan2025 00:06:08.548] [Server thread/ERROR] [net.minecraft.Util/]: Invalid entity rotation: NaN, discarding.
[23Jan2025 00:06:08.646] [Server thread/ERROR] [net.minecraft.Util/]: Invalid entity rotation: NaN, discarding.
[23Jan2025 00:06:08.743] [Server thread/ERROR] [net.minecraft.Util/]: Invalid entity rotation: NaN, discarding.
[23Jan2025 00:06:08.844] [Server thread/ERROR] [net.minecraft.Util/]: Invalid entity rotation: NaN, discarding.
[23Jan2025 00:06:08.948] [Server thread/ERROR] [net.minecraft.Util/]: Invalid entity rotation: NaN, discarding.
[23Jan2025 00:06:09.046] [Server thread/ERROR] [net.minecraft.Util/]: Invalid entity rotation: NaN, discarding.
[23Jan2025 00:06:09.147] [Server thread/ERROR] [net.minecraft.Util/]: Invalid entity rotation: NaN, discarding.
[23Jan2025 00:06:09.244] [Server thread/ERROR] [net.minecraft.Util/]: Invalid entity rotation: NaN, discarding.
[23Jan2025 00:06:09.344] [Server thread/ERROR] [net.minecraft.Util/]: Invalid entity rotation: NaN, discarding.
[23Jan2025 00:06:09.445] [Server thread/ERROR] [net.minecraft.Util/]: Invalid entity rotation: NaN, discarding.
[23Jan2025 00:06:09.543] [Server thread/ERROR] [net.minecraft.Util/]: Invalid entity rotation: NaN, discarding.
[23Jan2025 00:06:09.646] [Server thread/ERROR] [net.minecraft.Util/]: Invalid entity rotation: NaN, discarding.
[23Jan2025 00:06:09.747] [Server thread/ERROR] [net.minecraft.Util/]: Invalid entity rotation: NaN, discarding.
[23Jan2025 00:06:09.845] [Server thread/ERROR] [net.minecraft.Util/]: Invalid entity rotation: NaN, discarding.
[23Jan2025 00:06:09.944] [Server thread/ERROR] [net.minecraft.Util/]: Invalid entity rotation: NaN, discarding.
[23Jan2025 00:06:10.044] [Server thread/ERROR] [net.minecraft.Util/]: Invalid entity rotation: NaN, discarding.
[23Jan2025 00:06:10.145] [Server thread/ERROR] [net.minecraft.Util/]: Invalid entity rotation: NaN, discarding.
[23Jan2025 00:06:10.243] [Server thread/ERROR] [net.minecraft.Util/]: Invalid entity rotation: NaN, discarding.
[23Jan2025 00:06:10.345] [Server thread/ERROR] [net.minecraft.Util/]: Invalid entity rotation: NaN, discarding.
[23Jan2025 00:06:10.444] [Server thread/ERROR] [net.minecraft.Util/]: Invalid entity rotation: NaN, discarding.
[23Jan2025 00:06:10.546] [Server thread/ERROR] [net.minecraft.Util/]: Invalid entity rotation: NaN, discarding.
[23Jan2025 00:06:10.645] [Server thread/ERROR] [net.minecraft.Util/]: Invalid entity rotation: NaN, discarding.
[23Jan2025 00:06:10.744] [Server thread/ERROR] [net.minecraft.Util/]: Invalid entity rotation: NaN, discarding.
[23Jan2025 00:06:10.845] [Server thread/ERROR] [net.minecraft.Util/]: Invalid entity rotation: NaN, discarding.
[23Jan2025 00:06:10.945] [Server thread/ERROR] [net.minecraft.Util/]: Invalid entity rotation: NaN, discarding.
[23Jan2025 00:06:11.049] [Server thread/ERROR] [net.minecraft.Util/]: Invalid entity rotation: NaN, discarding.
[23Jan2025 00:06:11.144] [Server thread/ERROR] [net.minecraft.Util/]: Invalid entity rotation: NaN, discarding.
[23Jan2025 00:06:11.245] [Server thread/ERROR] [net.minecraft.Util/]: Invalid entity rotation: NaN, discarding.
[23Jan2025 00:06:11.344] [Server thread/ERROR] [net.minecraft.Util/]: Invalid entity rotation: NaN, discarding.
[23Jan2025 00:06:11.445] [Server thread/ERROR] [net.minecraft.Util/]: Invalid entity rotation: NaN, discarding.
[23Jan2025 00:06:11.547] [Server thread/ERROR] [net.minecraft.Util/]: Invalid entity rotation: NaN, discarding.
[23Jan2025 00:06:11.644] [Server thread/ERROR] [net.minecraft.Util/]: Invalid entity rotation: NaN, discarding.
[23Jan2025 00:06:11.743] [Server thread/ERROR] [net.minecraft.Util/]: Invalid entity rotation: NaN, discarding.
[23Jan2025 00:06:11.844] [Server thread/ERROR] [net.minecraft.Util/]: Invalid entity rotation: NaN, discarding.
[23Jan2025 00:06:11.943] [Server thread/ERROR] [net.minecraft.Util/]: Invalid entity rotation: NaN, discarding.
[23Jan2025 00:06:12.046] [Server thread/ERROR] [net.minecraft.Util/]: Invalid entity rotation: NaN, discarding.
[23Jan2025 00:06:12.144] [Server thread/ERROR] [net.minecraft.Util/]: Invalid entity rotation: NaN, discarding.
[23Jan2025 00:06:12.244] [Server thread/ERROR] [net.minecraft.Util/]: Invalid entity rotation: NaN, discarding.
[23Jan2025 00:06:12.343] [Server thread/ERROR] [net.minecraft.Util/]: Invalid entity rotation: NaN, discarding.
[23Jan2025 00:06:12.444] [Server thread/ERROR] [net.minecraft.Util/]: Invalid entity rotation: NaN, discarding.
[23Jan2025 00:06:12.546] [Server thread/ERROR] [net.minecraft.Util/]: Invalid entity rotation: NaN, discarding.
[23Jan2025 00:06:12.648] [Server thread/ERROR] [net.minecraft.Util/]: Invalid entity rotation: NaN, discarding.
[23Jan2025 00:06:12.745] [Server thread/ERROR] [net.minecraft.Util/]: Invalid entity rotation: NaN, discarding.
[23Jan2025 00:06:12.844] [Server thread/ERROR] [net.minecraft.Util/]: Invalid entity rotation: NaN, discarding.
[23Jan2025 00:06:12.943] [Server thread/ERROR] [net.minecraft.Util/]: Invalid entity rotation: NaN, discarding.
[23Jan2025 00:06:13.043] [Server thread/ERROR] [net.minecraft.Util/]: Invalid entity rotation: NaN, discarding.
[23Jan2025 00:06:13.144] [Server thread/ERROR] [net.minecraft.Util/]: Invalid entity rotation: NaN, discarding.
[23Jan2025 00:06:13.245] [Server thread/ERROR] [net.minecraft.Util/]: Invalid entity rotation: NaN, discarding.
[23Jan2025 00:06:13.345] [Server thread/ERROR] [net.minecraft.Util/]: Invalid entity rotation: NaN, discarding.
[23Jan2025 00:06:13.443] [Server thread/ERROR] [net.minecraft.Util/]: Invalid entity rotation: NaN, discarding.
[23Jan2025 00:06:13.543] [Server thread/ERROR] [net.minecraft.Util/]: Invalid entity rotation: NaN, discarding.
[23Jan2025 00:06:13.644] [Server thread/ERROR] [net.minecraft.Util/]: Invalid entity rotation: NaN, discarding.
[23Jan2025 00:06:13.743] [Server thread/ERROR] [net.minecraft.Util/]: Invalid entity rotation: NaN, discarding.
[23Jan2025 00:06:13.843] [Server thread/ERROR] [net.minecraft.Util/]: Invalid entity rotation: NaN, discarding.
[23Jan2025 00:06:13.945] [Server thread/ERROR] [net.minecraft.Util/]: Invalid entity rotation: NaN, discarding.
[23Jan2025 00:06:14.045] [Server thread/ERROR] [net.minecraft.Util/]: Invalid entity rotation: NaN, discarding.
[23Jan2025 00:06:14.143] [Server thread/ERROR] [net.minecraft.Util/]: Invalid entity rotation: NaN, discarding.
[23Jan2025 00:06:14.243] [Server thread/ERROR] [net.minecraft.Util/]: Invalid entity rotation: NaN, discarding.
[23Jan2025 00:06:14.344] [Server thread/ERROR] [net.minecraft.Util/]: Invalid entity rotation: NaN, discarding.
[23Jan2025 00:06:14.445] [Server thread/ERROR] [net.minecraft.Util/]: Invalid entity rotation: NaN, discarding.
[23Jan2025 00:06:14.542] [Server thread/ERROR] [net.minecraft.Util/]: Invalid entity rotation: NaN, discarding.
[23Jan2025 00:06:14.645] [Server thread/ERROR] [net.minecraft.Util/]: Invalid entity rotation: NaN, discarding.
[23Jan2025 00:06:14.748] [Server thread/ERROR] [net.minecraft.Util/]: Invalid entity rotation: NaN, discarding.
[23Jan2025 00:06:14.843] [Server thread/ERROR] [net.minecraft.Util/]: Invalid entity rotation: NaN, discarding.
[23Jan2025 00:06:14.942] [Server thread/ERROR] [net.minecraft.Util/]: Invalid entity rotation: NaN, discarding.
[23Jan2025 00:06:15.044] [Server thread/ERROR] [net.minecraft.Util/]: Invalid entity rotation: NaN, discarding.
[23Jan2025 00:06:15.147] [Server thread/ERROR] [net.minecraft.Util/]: Invalid entity rotation: NaN, discarding.
[23Jan2025 00:06:15.242] [Server thread/ERROR] [net.minecraft.Util/]: Invalid entity rotation: NaN, discarding.
[23Jan2025 00:06:15.345] [Server thread/ERROR] [net.minecraft.Util/]: Invalid entity rotation: NaN, discarding.
[23Jan2025 00:06:15.444] [Server thread/ERROR] [net.minecraft.Util/]: Invalid entity rotation: NaN, discarding.
[23Jan2025 00:06:15.544] [Server thread/ERROR] [net.minecraft.Util/]: Invalid entity rotation: NaN, discarding.
[23Jan2025 00:06:15.645] [Server thread/ERROR] [net.minecraft.Util/]: Invalid entity rotation: NaN, discarding.
[23Jan2025 00:06:15.742] [Server thread/ERROR] [net.minecraft.Util/]: Invalid entity rotation: NaN, discarding.
[23Jan2025 00:06:15.843] [Server thread/ERROR] [net.minecraft.Util/]: Invalid entity rotation: NaN, discarding.
[23Jan2025 00:06:15.942] [Server thread/ERROR] [net.minecraft.Util/]: Invalid entity rotation: NaN, discarding.
[23Jan2025 00:06:16.044] [Server thread/ERROR] [net.minecraft.Util/]: Invalid entity rotation: NaN, discarding.
[23Jan2025 00:06:16.143] [Server thread/ERROR] [net.minecraft.Util/]: Invalid entity rotation: NaN, discarding.
[23Jan2025 00:06:16.245] [Server thread/ERROR] [net.minecraft.Util/]: Invalid entity rotation: NaN, discarding.
[23Jan2025 00:06:16.345] [Server thread/ERROR] [net.minecraft.Util/]: Invalid entity rotation: NaN, discarding.
[23Jan2025 00:06:16.442] [Server thread/ERROR] [net.minecraft.Util/]: Invalid entity rotation: NaN, discarding.
[23Jan2025 00:06:16.546] [Server thread/ERROR] [net.minecraft.Util/]: Invalid entity rotation: NaN, discarding.
[23Jan2025 00:06:16.643] [Server thread/ERROR] [net.minecraft.Util/]: Invalid entity rotation: NaN, discarding.
[23Jan2025 00:06:16.745] [Server thread/ERROR] [net.minecraft.Util/]: Invalid entity rotation: NaN, discarding.
[23Jan2025 00:06:16.844] [Server thread/ERROR] [net.minecraft.Util/]: Invalid entity rotation: NaN, discarding.
[23Jan2025 00:06:16.944] [Server thread/ERROR] [net.minecraft.Util/]: Invalid entity rotation: NaN, discarding.
[23Jan2025 00:06:17.043] [Server thread/ERROR] [net.minecraft.Util/]: Invalid entity rotation: NaN, discarding.
[23Jan2025 00:06:17.145] [Server thread/ERROR] [net.minecraft.Util/]: Invalid entity rotation: NaN, discarding.
[23Jan2025 00:06:17.244] [Server thread/ERROR] [net.minecraft.Util/]: Invalid entity rotation: NaN, discarding.
[23Jan2025 00:06:17.342] [Server thread/ERROR] [net.minecraft.Util/]: Invalid entity rotation: NaN, discarding.
[23Jan2025 00:06:17.452] [Server thread/ERROR] [net.minecraft.Util/]: Invalid entity rotation: NaN, discarding.
[23Jan2025 00:06:17.547] [Server thread/ERROR] [net.minecraft.Util/]: Invalid entity rotation: NaN, discarding.
[23Jan2025 00:06:17.651] [Server thread/ERROR] [net.minecraft.Util/]: Invalid entity rotation: NaN, discarding.
[23Jan2025 00:06:17.744] [Server thread/ERROR] [net.minecraft.Util/]: Invalid entity rotation: NaN, discarding.
[23Jan2025 00:06:17.845] [Server thread/ERROR] [net.minecraft.Util/]: Invalid entity rotation: NaN, discarding.
[23Jan2025 00:06:17.944] [Server thread/ERROR] [net.minecraft.Util/]: Invalid entity rotation: NaN, discarding.
[23Jan2025 00:06:18.046] [Server thread/ERROR] [net.minecraft.Util/]: Invalid entity rotation: NaN, discarding.
[23Jan2025 00:06:18.145] [Server thread/ERROR] [net.minecraft.Util/]: Invalid entity rotation: NaN, discarding.
[23Jan2025 00:06:18.245] [Server thread/ERROR] [net.minecraft.Util/]: Invalid entity rotation: NaN, discarding.
[23Jan2025 00:06:18.348] [Server thread/ERROR] [net.minecraft.Util/]: Invalid entity rotation: NaN, discarding.
[23Jan2025 00:06:18.445] [Server thread/ERROR] [net.minecraft.Util/]: Invalid entity rotation: NaN, discarding.
[23Jan2025 00:06:18.548] [Server thread/ERROR] [net.minecraft.Util/]: Invalid entity rotation: NaN, discarding.
[23Jan2025 00:06:18.653] [Server thread/ERROR] [net.minecraft.Util/]: Invalid entity rotation: NaN, discarding.
[23Jan2025 00:06:18.750] [Server thread/ERROR] [net.minecraft.Util/]: Invalid entity rotation: NaN, discarding.
[23Jan2025 00:06:18.845] [Server thread/ERROR] [net.minecraft.Util/]: Invalid entity rotation: NaN, discarding.
[23Jan2025 00:06:18.945] [Server thread/ERROR] [net.minecraft.Util/]: Invalid entity rotation: NaN, discarding.
[23Jan2025 00:06:19.054] [Server thread/ERROR] [net.minecraft.Util/]: Invalid entity rotation: NaN, discarding.
[23Jan2025 00:06:19.151] [Server thread/ERROR] [net.minecraft.Util/]: Invalid entity rotation: NaN, discarding.
[23Jan2025 00:06:19.249] [Server thread/ERROR] [net.minecraft.Util/]: Invalid entity rotation: NaN, discarding.
[23Jan2025 00:06:19.346] [Server thread/ERROR] [net.minecraft.Util/]: Invalid entity rotation: NaN, discarding.
[23Jan2025 00:06:19.449] [Server thread/ERROR] [net.minecraft.Util/]: Invalid entity rotation: NaN, discarding.
[23Jan2025 00:06:19.551] [Server thread/ERROR] [net.minecraft.Util/]: Invalid entity rotation: NaN, discarding.
[23Jan2025 00:06:19.648] [Server thread/ERROR] [net.minecraft.Util/]: Invalid entity rotation: NaN, discarding.
[23Jan2025 00:06:19.789] [Server thread/ERROR] [net.minecraft.Util/]: Invalid entity rotation: NaN, discarding.
[23Jan2025 00:06:19.890] [Server thread/ERROR] [net.minecraft.Util/]: Invalid entity rotation: NaN, discarding.
[23Jan2025 00:06:19.982] [Server thread/ERROR] [net.minecraft.Util/]: Invalid entity rotation: NaN, discarding.
[23Jan2025 00:06:20.045] [Server thread/ERROR] [net.minecraft.Util/]: Invalid entity rotation: NaN, discarding.
[23Jan2025 00:06:20.146] [Server thread/ERROR] [net.minecraft.Util/]: Invalid entity rotation: NaN, discarding.
[23Jan2025 00:06:20.244] [Server thread/ERROR] [net.minecraft.Util/]: Invalid entity rotation: NaN, discarding.
[23Jan2025 00:06:20.346] [Server thread/ERROR] [net.minecraft.Util/]: Invalid entity rotation: NaN, discarding.
[23Jan2025 00:06:20.448] [Server thread/ERROR] [net.minecraft.Util/]: Invalid entity rotation: NaN, discarding.
[23Jan2025 00:06:20.575] [Server thread/ERROR] [net.minecraft.Util/]: Invalid entity rotation: NaN, discarding.
[23Jan2025 00:06:20.644] [Server thread/ERROR] [net.minecraft.Util/]: Invalid entity rotation: NaN, discarding.
[23Jan2025 00:06:20.783] [Server thread/ERROR] [net.minecraft.Util/]: Invalid entity rotation: NaN, discarding.
[23Jan2025 00:06:20.909] [Server thread/ERROR] [net.minecraft.Util/]: Invalid entity rotation: NaN, discarding.
[23Jan2025 00:06:21.006] [Server thread/ERROR] [net.minecraft.Util/]: Invalid entity rotation: NaN, discarding.
[23Jan2025 00:06:21.091] [Server thread/ERROR] [net.minecraft.Util/]: Invalid entity rotation: NaN, discarding.
[23Jan2025 00:06:21.187] [Server thread/ERROR] [net.minecraft.Util/]: Invalid entity rotation: NaN, discarding.
[23Jan2025 00:06:21.254] [Server thread/ERROR] [net.minecraft.Util/]: Invalid entity rotation: NaN, discarding.
[23Jan2025 00:06:21.349] [Server thread/ERROR] [net.minecraft.Util/]: Invalid entity rotation: NaN, discarding.
[23Jan2025 00:06:21.447] [Server thread/ERROR] [net.minecraft.Util/]: Invalid entity rotation: NaN, discarding.
[23Jan2025 00:06:21.549] [Server thread/ERROR] [net.minecraft.Util/]: Invalid entity rotation: NaN, discarding.
[23Jan2025 00:06:21.653] [Server thread/ERROR] [net.minecraft.Util/]: Invalid entity rotation: NaN, discarding.
[23Jan2025 00:06:21.744] [Server thread/ERROR] [net.minecraft.Util/]: Invalid entity rotation: NaN, discarding.
[23Jan2025 00:06:21.848] [Server thread/ERROR] [net.minecraft.Util/]: Invalid entity rotation: NaN, discarding.
[23Jan2025 00:06:21.944] [Server thread/ERROR] [net.minecraft.Util/]: Invalid entity rotation: NaN, discarding.
[23Jan2025 00:06:22.047] [Server thread/ERROR] [net.minecraft.Util/]: Invalid entity rotation: NaN, discarding.
[23Jan2025 00:06:22.150] [Server thread/ERROR] [net.minecraft.Util/]: Invalid entity rotation: NaN, discarding.
[23Jan2025 00:06:22.253] [Server thread/ERROR] [net.minecraft.Util/]: Invalid entity rotation: NaN, discarding.
[23Jan2025 00:06:22.386] [Server thread/ERROR] [net.minecraft.Util/]: Invalid entity rotation: NaN, discarding.
[23Jan2025 00:06:22.467] [Server thread/ERROR] [net.minecraft.Util/]: Invalid entity rotation: NaN, discarding.
[23Jan2025 00:06:22.554] [Server thread/ERROR] [net.minecraft.Util/]: Invalid entity rotation: NaN, discarding.
[23Jan2025 00:06:22.659] [Server thread/ERROR] [net.minecraft.Util/]: Invalid entity rotation: NaN, discarding.
[23Jan2025 00:06:22.746] [Server thread/ERROR] [net.minecraft.Util/]: Invalid entity rotation: NaN, discarding.
[23Jan2025 00:06:22.846] [Server thread/ERROR] [net.minecraft.Util/]: Invalid entity rotation: NaN, discarding.
[23Jan2025 00:06:22.962] [Server thread/ERROR] [net.minecraft.Util/]: Invalid entity rotation: NaN, discarding.
[23Jan2025 00:06:23.045] [Server thread/ERROR] [net.minecraft.Util/]: Invalid entity rotation: NaN, discarding.
[23Jan2025 00:06:23.149] [Server thread/ERROR] [net.minecraft.Util/]: Invalid entity rotation: NaN, discarding.
[23Jan2025 00:06:23.252] [Server thread/ERROR] [net.minecraft.Util/]: Invalid entity rotation: NaN, discarding.
[23Jan2025 00:06:23.346] [Server thread/ERROR] [net.minecraft.Util/]: Invalid entity rotation: NaN, discarding.
[23Jan2025 00:06:23.482] [Server thread/ERROR] [net.minecraft.Util/]: Invalid entity rotation: NaN, discarding.
[23Jan2025 00:06:23.581] [Server thread/ERROR] [net.minecraft.Util/]: Invalid entity rotation: NaN, discarding.
[23Jan2025 00:06:23.644] [Server thread/ERROR] [net.minecraft.Util/]: Invalid entity rotation: NaN, discarding.
[23Jan2025 00:06:23.747] [Server thread/ERROR] [net.minecraft.Util/]: Invalid entity rotation: NaN, discarding.
[23Jan2025 00:06:23.858] [Server thread/ERROR] [net.minecraft.Util/]: Invalid entity rotation: NaN, discarding.
[23Jan2025 00:06:23.946] [Server thread/ERROR] [net.minecraft.Util/]: Invalid entity rotation: NaN, discarding.
[23Jan2025 00:06:24.047] [Server thread/ERROR] [net.minecraft.Util/]: Invalid entity rotation: NaN, discarding.
[23Jan2025 00:06:24.147] [Server thread/ERROR] [net.minecraft.Util/]: Invalid entity rotation: NaN, discarding.
[23Jan2025 00:06:24.257] [Server thread/ERROR] [net.minecraft.Util/]: Invalid entity rotation: NaN, discarding.
[23Jan2025 00:06:24.346] [Server thread/ERROR] [net.minecraft.Util/]: Invalid entity rotation: NaN, discarding.
[23Jan2025 00:06:24.447] [Server thread/ERROR] [net.minecraft.Util/]: Invalid entity rotation: NaN, discarding.
[23Jan2025 00:06:24.548] [Server thread/ERROR] [net.minecraft.Util/]: Invalid entity rotation: NaN, discarding.
[23Jan2025 00:06:24.653] [Server thread/ERROR] [net.minecraft.Util/]: Invalid entity rotation: NaN, discarding.
[23Jan2025 00:06:24.766] [Server thread/ERROR] [net.minecraft.Util/]: Invalid entity rotation: NaN, discarding.
[23Jan2025 00:06:24.849] [Server thread/ERROR] [net.minecraft.Util/]: Invalid entity rotation: NaN, discarding.
[23Jan2025 00:06:24.950] [Server thread/ERROR] [net.minecraft.Util/]: Invalid entity rotation: NaN, discarding.
[23Jan2025 00:06:25.075] [Server thread/ERROR] [net.minecraft.Util/]: Invalid entity rotation: NaN, discarding.
[23Jan2025 00:06:25.154] [Server thread/ERROR] [net.minecraft.Util/]: Invalid entity rotation: NaN, discarding.
[23Jan2025 00:06:25.246] [Server thread/ERROR] [net.minecraft.Util/]: Invalid entity rotation: NaN, discarding.
[23Jan2025 00:06:25.356] [Server thread/ERROR] [net.minecraft.Util/]: Invalid entity rotation: NaN, discarding.
[23Jan2025 00:06:25.445] [Server thread/ERROR] [net.minecraft.Util/]: Invalid entity rotation: NaN, discarding.
[23Jan2025 00:06:25.552] [Server thread/ERROR] [net.minecraft.Util/]: Invalid entity rotation: NaN, discarding.
[23Jan2025 00:06:25.644] [Server thread/ERROR] [net.minecraft.Util/]: Invalid entity rotation: NaN, discarding.
[23Jan2025 00:06:25.745] [Server thread/ERROR] [net.minecraft.Util/]: Invalid entity rotation: NaN, discarding.
[23Jan2025 00:06:25.855] [Server thread/ERROR] [net.minecraft.Util/]: Invalid entity rotation: NaN, discarding.
[23Jan2025 00:06:25.966] [Server thread/ERROR] [net.minecraft.Util/]: Invalid entity rotation: NaN, discarding.
[23Jan2025 00:06:26.051] [Server thread/ERROR] [net.minecraft.Util/]: Invalid entity rotation: NaN, discarding.
[23Jan2025 00:06:26.155] [Server thread/ERROR] [net.minecraft.Util/]: Invalid entity rotation: NaN, discarding.
[23Jan2025 00:06:26.253] [Server thread/ERROR] [net.minecraft.Util/]: Invalid entity rotation: NaN, discarding.
[23Jan2025 00:06:26.350] [Server thread/ERROR] [net.minecraft.Util/]: Invalid entity rotation: NaN, discarding.
[23Jan2025 00:06:26.469] [Server thread/ERROR] [net.minecraft.Util/]: Invalid entity rotation: NaN, discarding.
[23Jan2025 00:06:26.552] [Server thread/ERROR] [net.minecraft.Util/]: Invalid entity rotation: NaN, discarding.
[23Jan2025 00:06:26.647] [Server thread/ERROR] [net.minecraft.Util/]: Invalid entity rotation: NaN, discarding.
[23Jan2025 00:06:26.747] [Server thread/ERROR] [net.minecraft.Util/]: Invalid entity rotation: NaN, discarding.
[23Jan2025 00:06:26.852] [Server thread/ERROR] [net.minecraft.Util/]: Invalid entity rotation: NaN, discarding.
[23Jan2025 00:06:26.948] [Server thread/ERROR] [net.minecraft.Util/]: Invalid entity rotation: NaN, discarding.
[23Jan2025 00:06:27.045] [Server thread/ERROR] [net.minecraft.Util/]: Invalid entity rotation: NaN, discarding.
[23Jan2025 00:06:27.151] [Server thread/ERROR] [net.minecraft.Util/]: Invalid entity rotation: NaN, discarding.
[23Jan2025 00:06:27.254] [Server thread/ERROR] [net.minecraft.Util/]: Invalid entity rotation: NaN, discarding.
[23Jan2025 00:06:27.345] [Server thread/ERROR] [net.minecraft.Util/]: Invalid entity rotation: NaN, discarding.
[23Jan2025 00:06:27.448] [Server thread/ERROR] [net.minecraft.Util/]: Invalid entity rotation: NaN, discarding.
[23Jan2025 00:06:27.546] [Server thread/ERROR] [net.minecraft.Util/]: Invalid entity rotation: NaN, discarding.
[23Jan2025 00:06:27.645] [Server thread/ERROR] [net.minecraft.Util/]: Invalid entity rotation: NaN, discarding.
[23Jan2025 00:06:27.744] [Server thread/ERROR] [net.minecraft.Util/]: Invalid entity rotation: NaN, discarding.
[23Jan2025 00:06:27.852] [Server thread/ERROR] [net.minecraft.Util/]: Invalid entity rotation: NaN, discarding.
[23Jan2025 00:06:27.946] [Server thread/ERROR] [net.minecraft.Util/]: Invalid entity rotation: NaN, discarding.
[23Jan2025 00:06:28.047] [Server thread/ERROR] [net.minecraft.Util/]: Invalid entity rotation: NaN, discarding.
[23Jan2025 00:06:28.155] [Server thread/ERROR] [net.minecraft.Util/]: Invalid entity rotation: NaN, discarding.
[23Jan2025 00:06:28.254] [Server thread/ERROR] [net.minecraft.Util/]: Invalid entity rotation: NaN, discarding.
[23Jan2025 00:06:28.347] [Server thread/ERROR] [net.minecraft.Util/]: Invalid entity rotation: NaN, discarding.
[23Jan2025 00:06:28.454] [Server thread/ERROR] [net.minecraft.Util/]: Invalid entity rotation: NaN, discarding.
[23Jan2025 00:06:28.545] [Server thread/ERROR] [net.minecraft.Util/]: Invalid entity rotation: NaN, discarding.
[23Jan2025 00:06:28.651] [Server thread/ERROR] [net.minecraft.Util/]: Invalid entity rotation: NaN, discarding.
[23Jan2025 00:06:28.755] [Server thread/ERROR] [net.minecraft.Util/]: Invalid entity rotation: NaN, discarding.
[23Jan2025 00:06:28.843] [Server thread/ERROR] [net.minecraft.Util/]: Invalid entity rotation: NaN, discarding.
[23Jan2025 00:06:28.946] [Server thread/ERROR] [net.minecraft.Util/]: Invalid entity rotation: NaN, discarding.
[23Jan2025 00:06:29.045] [Server thread/ERROR] [net.minecraft.Util/]: Invalid entity rotation: NaN, discarding.
[23Jan2025 00:06:29.153] [Server thread/ERROR] [net.minecraft.Util/]: Invalid entity rotation: NaN, discarding.
[23Jan2025 00:06:29.248] [Server thread/ERROR] [net.minecraft.Util/]: Invalid entity rotation: NaN, discarding.
[23Jan2025 00:06:29.347] [Server thread/ERROR] [net.minecraft.Util/]: Invalid entity rotation: NaN, discarding.
[23Jan2025 00:06:29.454] [Server thread/ERROR] [net.minecraft.Util/]: Invalid entity rotation: NaN, discarding.
[23Jan2025 00:06:29.565] [Server thread/ERROR] [net.minecraft.Util/]: Invalid entity rotation: NaN, discarding.
[23Jan2025 00:06:29.645] [Server thread/ERROR] [net.minecraft.Util/]: Invalid entity rotation: NaN, discarding.
[23Jan2025 00:06:29.756] [Server thread/ERROR] [net.minecraft.Util/]: Invalid entity rotation: NaN, discarding.
[23Jan2025 00:06:29.845] [Server thread/ERROR] [net.minecraft.Util/]: Invalid entity rotation: NaN, discarding.
[23Jan2025 00:06:29.954] [Server thread/ERROR] [net.minecraft.Util/]: Invalid entity rotation: NaN, discarding.
[23Jan2025 00:06:30.051] [Server thread/ERROR] [net.minecraft.Util/]: Invalid entity rotation: NaN, discarding.
[23Jan2025 00:06:30.149] [Server thread/ERROR] [net.minecraft.Util/]: Invalid entity rotation: NaN, discarding.
[23Jan2025 00:06:30.251] [Server thread/ERROR] [net.minecraft.Util/]: Invalid entity rotation: NaN, discarding.
[23Jan2025 00:06:30.361] [Server thread/ERROR] [net.minecraft.Util/]: Invalid entity rotation: NaN, discarding.
[23Jan2025 00:06:30.464] [Server thread/ERROR] [net.minecraft.Util/]: Invalid entity rotation: NaN, discarding.
[23Jan2025 00:06:30.551] [Server thread/ERROR] [net.minecraft.Util/]: Invalid entity rotation: NaN, discarding.
[23Jan2025 00:06:30.644] [Server thread/ERROR] [net.minecraft.Util/]: Invalid entity rotation: NaN, discarding.
[23Jan2025 00:06:30.746] [Server thread/ERROR] [net.minecraft.Util/]: Invalid entity rotation: NaN, discarding.
[23Jan2025 00:06:30.764] [Server thread/WARN] [net.minecraft.server.network.ServerGamePacketListenerImpl/]: Boat (vehicle of Thecno662) moved wrongly! 0.2562337142178805
[23Jan2025 00:06:30.852] [Server thread/ERROR] [net.minecraft.Util/]: Invalid entity rotation: NaN, discarding.
[23Jan2025 00:06:30.943] [Server thread/ERROR] [net.minecraft.Util/]: Invalid entity rotation: NaN, discarding.
[23Jan2025 00:06:31.045] [Server thread/ERROR] [net.minecraft.Util/]: Invalid entity rotation: NaN, discarding.
[23Jan2025 00:06:31.145] [Server thread/ERROR] [net.minecraft.Util/]: Invalid entity rotation: NaN, discarding.
[23Jan2025 00:06:31.244] [Server thread/ERROR] [net.minecraft.Util/]: Invalid entity rotation: NaN, discarding.
[23Jan2025 00:06:31.343] [Server thread/ERROR] [net.minecraft.Util/]: Invalid entity rotation: NaN, discarding.
[23Jan2025 00:06:31.447] [Server thread/ERROR] [net.minecraft.Util/]: Invalid entity rotation: NaN, discarding.
[23Jan2025 00:06:31.544] [Server thread/ERROR] [net.minecraft.Util/]: Invalid entity rotation: NaN, discarding.
[23Jan2025 00:06:31.647] [Server thread/ERROR] [net.minecraft.Util/]: Invalid entity rotation: NaN, discarding.
[23Jan2025 00:06:31.752] [Server thread/ERROR] [net.minecraft.Util/]: Invalid entity rotation: NaN, discarding.
[23Jan2025 00:06:31.848] [Server thread/ERROR] [net.minecraft.Util/]: Invalid entity rotation: NaN, discarding.
[23Jan2025 00:06:31.944] [Server thread/ERROR] [net.minecraft.Util/]: Invalid entity rotation: NaN, discarding.
[23Jan2025 00:06:32.042] [Server thread/ERROR] [net.minecraft.Util/]: Invalid entity rotation: NaN, discarding.
[23Jan2025 00:06:32.143] [Server thread/ERROR] [net.minecraft.Util/]: Invalid entity rotation: NaN, discarding.
[23Jan2025 00:06:32.245] [Server thread/ERROR] [net.minecraft.Util/]: Invalid entity rotation: NaN, discarding.
[23Jan2025 00:06:32.347] [Server thread/ERROR] [net.minecraft.Util/]: Invalid entity rotation: NaN, discarding.
[23Jan2025 00:06:32.442] [Server thread/ERROR] [net.minecraft.Util/]: Invalid entity rotation: NaN, discarding.
[23Jan2025 00:06:32.545] [Server thread/ERROR] [net.minecraft.Util/]: Invalid entity rotation: NaN, discarding.
[23Jan2025 00:06:32.643] [Server thread/ERROR] [net.minecraft.Util/]: Invalid entity rotation: NaN, discarding.
[23Jan2025 00:06:32.743] [Server thread/ERROR] [net.minecraft.Util/]: Invalid entity rotation: NaN, discarding.
[23Jan2025 00:06:32.845] [Server thread/ERROR] [net.minecraft.Util/]: Invalid entity rotation: NaN, discarding.
[23Jan2025 00:06:32.944] [Server thread/ERROR] [net.minecraft.Util/]: Invalid entity rotation: NaN, discarding.
[23Jan2025 00:06:33.048] [Server thread/ERROR] [net.minecraft.Util/]: Invalid entity rotation: NaN, discarding.
[23Jan2025 00:06:33.143] [Server thread/ERROR] [net.minecraft.Util/]: Invalid entity rotation: NaN, discarding.
[23Jan2025 00:06:33.245] [Server thread/ERROR] [net.minecraft.Util/]: Invalid entity rotation: NaN, discarding.
[23Jan2025 00:06:33.342] [Server thread/ERROR] [net.minecraft.Util/]: Invalid entity rotation: NaN, discarding.
[23Jan2025 00:06:33.457] [Server thread/ERROR] [net.minecraft.Util/]: Invalid entity rotation: NaN, discarding.
[23Jan2025 00:06:33.544] [Server thread/ERROR] [net.minecraft.Util/]: Invalid entity rotation: NaN, discarding.
[23Jan2025 00:06:33.652] [Server thread/ERROR] [net.minecraft.Util/]: Invalid entity rotation: NaN, discarding.
[23Jan2025 00:06:33.748] [Server thread/ERROR] [net.minecraft.Util/]: Invalid entity rotation: NaN, discarding.
[23Jan2025 00:06:33.848] [Server thread/ERROR] [net.minecraft.Util/]: Invalid entity rotation: NaN, discarding.
[23Jan2025 00:06:33.952] [Server thread/ERROR] [net.minecraft.Util/]: Invalid entity rotation: NaN, discarding.
[23Jan2025 00:06:34.047] [Server thread/ERROR] [net.minecraft.Util/]: Invalid entity rotation: NaN, discarding.
[23Jan2025 00:06:34.146] [Server thread/ERROR] [net.minecraft.Util/]: Invalid entity rotation: NaN, discarding.
[23Jan2025 00:06:34.244] [Server thread/ERROR] [net.minecraft.Util/]: Invalid entity rotation: NaN, discarding.
[23Jan2025 00:06:34.347] [Server thread/ERROR] [net.minecraft.Util/]: Invalid entity rotation: NaN, discarding.
[23Jan2025 00:06:34.460] [Server thread/ERROR] [net.minecraft.Util/]: Invalid entity rotation: NaN, discarding.
[23Jan2025 00:06:34.557] [Server thread/ERROR] [net.minecraft.Util/]: Invalid entity rotation: NaN, discarding.
[23Jan2025 00:06:34.645] [Server thread/ERROR] [net.minecraft.Util/]: Invalid entity rotation: NaN, discarding.
[23Jan2025 00:06:34.746] [Server thread/ERROR] [net.minecraft.Util/]: Invalid entity rotation: NaN, discarding.
[23Jan2025 00:06:34.846] [Server thread/ERROR] [net.minecraft.Util/]: Invalid entity rotation: NaN, discarding.
[23Jan2025 00:06:34.959] [Server thread/ERROR] [net.minecraft.Util/]: Invalid entity rotation: NaN, discarding.
[23Jan2025 00:06:35.049] [Server thread/ERROR] [net.minecraft.Util/]: Invalid entity rotation: NaN, discarding.
[23Jan2025 00:06:35.147] [Server thread/ERROR] [net.minecraft.Util/]: Invalid entity rotation: NaN, discarding.
[23Jan2025 00:06:35.250] [Server thread/ERROR] [net.minecraft.Util/]: Invalid entity rotation: NaN, discarding.
[23Jan2025 00:06:35.348] [Server thread/ERROR] [net.minecraft.Util/]: Invalid entity rotation: NaN, discarding.
[23Jan2025 00:06:35.450] [Server thread/ERROR] [net.minecraft.Util/]: Invalid entity rotation: NaN, discarding.
[23Jan2025 00:06:35.549] [Server thread/ERROR] [net.minecraft.Util/]: Invalid entity rotation: NaN, discarding.
[23Jan2025 00:06:35.654] [Server thread/ERROR] [net.minecraft.Util/]: Invalid entity rotation: NaN, discarding.
[23Jan2025 00:06:35.744] [Server thread/ERROR] [net.minecraft.Util/]: Invalid entity rotation: NaN, discarding.
[23Jan2025 00:06:35.847] [Server thread/ERROR] [net.minecraft.Util/]: Invalid entity rotation: NaN, discarding.
[23Jan2025 00:06:35.951] [Server thread/ERROR] [net.minecraft.Util/]: Invalid entity rotation: NaN, discarding.
[23Jan2025 00:06:36.048] [Server thread/ERROR] [net.minecraft.Util/]: Invalid entity rotation: NaN, discarding.
[23Jan2025 00:06:36.146] [Server thread/ERROR] [net.minecraft.Util/]: Invalid entity rotation: NaN, discarding.
[23Jan2025 00:06:36.245] [Server thread/ERROR] [net.minecraft.Util/]: Invalid entity rotation: NaN, discarding.
[23Jan2025 00:06:36.357] [Server thread/ERROR] [net.minecraft.Util/]: Invalid entity rotation: NaN, discarding.
[23Jan2025 00:06:36.445] [Server thread/ERROR] [net.minecraft.Util/]: Invalid entity rotation: NaN, discarding.
[23Jan2025 00:06:36.546] [Server thread/ERROR] [net.minecraft.Util/]: Invalid entity rotation: NaN, discarding.
[23Jan2025 00:06:36.653] [Server thread/ERROR] [net.minecraft.Util/]: Invalid entity rotation: NaN, discarding.
[23Jan2025 00:06:36.754] [Server thread/ERROR] [net.minecraft.Util/]: Invalid entity rotation: NaN, discarding.
[23Jan2025 00:06:36.846] [Server thread/ERROR] [net.minecraft.Util/]: Invalid entity rotation: NaN, discarding.
[23Jan2025 00:06:36.956] [Server thread/ERROR] [net.minecraft.Util/]: Invalid entity rotation: NaN, discarding.
[23Jan2025 00:06:37.051] [Server thread/ERROR] [net.minecraft.Util/]: Invalid entity rotation: NaN, discarding.
[23Jan2025 00:06:37.149] [Server thread/ERROR] [net.minecraft.Util/]: Invalid entity rotation: NaN, discarding.
[23Jan2025 00:06:37.254] [Server thread/ERROR] [net.minecraft.Util/]: Invalid entity rotation: NaN, discarding.
[23Jan2025 00:06:37.370] [Server thread/ERROR] [net.minecraft.Util/]: Invalid entity rotation: NaN, discarding.
[23Jan2025 00:06:37.448] [Server thread/ERROR] [net.minecraft.Util/]: Invalid entity rotation: NaN, discarding.
[23Jan2025 00:06:37.545] [Server thread/ERROR] [net.minecraft.Util/]: Invalid entity rotation: NaN, discarding.
[23Jan2025 00:06:37.654] [Server thread/ERROR] [net.minecraft.Util/]: Invalid entity rotation: NaN, discarding.
[23Jan2025 00:06:37.748] [Server thread/ERROR] [net.minecraft.Util/]: Invalid entity rotation: NaN, discarding.
[23Jan2025 00:06:37.846] [Server thread/ERROR] [net.minecraft.Util/]: Invalid entity rotation: NaN, discarding.
[23Jan2025 00:06:37.949] [Server thread/ERROR] [net.minecraft.Util/]: Invalid entity rotation: NaN, discarding.
[23Jan2025 00:06:38.050] [Server thread/ERROR] [net.minecraft.Util/]: Invalid entity rotation: NaN, discarding.
[23Jan2025 00:06:38.158] [Server thread/ERROR] [net.minecraft.Util/]: Invalid entity rotation: NaN, discarding.
[23Jan2025 00:06:38.281] [Server thread/ERROR] [net.minecraft.Util/]: Invalid entity rotation: NaN, discarding.
[23Jan2025 00:06:38.345] [Server thread/ERROR] [net.minecraft.Util/]: Invalid entity rotation: NaN, discarding.
[23Jan2025 00:06:38.445] [Server thread/ERROR] [net.minecraft.Util/]: Invalid entity rotation: NaN, discarding.
[23Jan2025 00:06:38.546] [Server thread/ERROR] [net.minecraft.Util/]: Invalid entity rotation: NaN, discarding.
[23Jan2025 00:06:38.645] [Server thread/ERROR] [net.minecraft.Util/]: Invalid entity rotation: NaN, discarding.
[23Jan2025 00:06:38.757] [Server thread/ERROR] [net.minecraft.Util/]: Invalid entity rotation: NaN, discarding.
[23Jan2025 00:06:38.846] [Server thread/ERROR] [net.minecraft.Util/]: Invalid entity rotation: NaN, discarding.
[23Jan2025 00:06:38.946] [Server thread/ERROR] [net.minecraft.Util/]: Invalid entity rotation: NaN, discarding.
[23Jan2025 00:06:39.057] [Server thread/ERROR] [net.minecraft.Util/]: Invalid entity rotation: NaN, discarding.
[23Jan2025 00:06:39.165] [Server thread/ERROR] [net.minecraft.Util/]: Invalid entity rotation: NaN, discarding.
[23Jan2025 00:06:39.246] [Server thread/ERROR] [net.minecraft.Util/]: Invalid entity rotation: NaN, discarding.
[23Jan2025 00:06:39.345] [Server thread/ERROR] [net.minecraft.Util/]: Invalid entity rotation: NaN, discarding.
[23Jan2025 00:06:39.456] [Server thread/ERROR] [net.minecraft.Util/]: Invalid entity rotation: NaN, discarding.
[23Jan2025 00:06:39.548] [Server thread/ERROR] [net.minecraft.Util/]: Invalid entity rotation: NaN, discarding.
[23Jan2025 00:06:39.646] [Server thread/ERROR] [net.minecraft.Util/]: Invalid entity rotation: NaN, discarding.
[23Jan2025 00:06:39.756] [Server thread/ERROR] [net.minecraft.Util/]: Invalid entity rotation: NaN, discarding.
[23Jan2025 00:06:39.846] [Server thread/ERROR] [net.minecraft.Util/]: Invalid entity rotation: NaN, discarding.
[23Jan2025 00:06:39.946] [Server thread/ERROR] [net.minecraft.Util/]: Invalid entity rotation: NaN, discarding.
[23Jan2025 00:06:40.050] [Server thread/ERROR] [net.minecraft.Util/]: Invalid entity rotation: NaN, discarding.
[23Jan2025 00:06:40.160] [Server thread/ERROR] [net.minecraft.Util/]: Invalid entity rotation: NaN, discarding.
[23Jan2025 00:06:40.245] [Server thread/ERROR] [net.minecraft.Util/]: Invalid entity rotation: NaN, discarding.
[23Jan2025 00:06:40.360] [Server thread/ERROR] [net.minecraft.Util/]: Invalid entity rotation: NaN, discarding.
[23Jan2025 00:06:40.450] [Server thread/ERROR] [net.minecraft.Util/]: Invalid entity rotation: NaN, discarding.
[23Jan2025 00:06:40.550] [Server thread/ERROR] [net.minecraft.Util/]: Invalid entity rotation: NaN, discarding.
[23Jan2025 00:06:40.651] [Server thread/ERROR] [net.minecraft.Util/]: Invalid entity rotation: NaN, discarding.
[23Jan2025 00:06:40.760] [Server thread/ERROR] [net.minecraft.Util/]: Invalid entity rotation: NaN, discarding.
[23Jan2025 00:06:40.849] [Server thread/ERROR] [net.minecraft.Util/]: Invalid entity rotation: NaN, discarding.
[23Jan2025 00:06:40.951] [Server thread/ERROR] [net.minecraft.Util/]: Invalid entity rotation: NaN, discarding.
[23Jan2025 00:06:41.048] [Server thread/ERROR] [net.minecraft.Util/]: Invalid entity rotation: NaN, discarding.
[23Jan2025 00:06:41.146] [Server thread/ERROR] [net.minecraft.Util/]: Invalid entity rotation: NaN, discarding.
[23Jan2025 00:06:41.248] [Server thread/ERROR] [net.minecraft.Util/]: Invalid entity rotation: NaN, discarding.
[23Jan2025 00:06:41.347] [Server thread/ERROR] [net.minecraft.Util/]: Invalid entity rotation: NaN, discarding.
[23Jan2025 00:06:41.451] [Server thread/ERROR] [net.minecraft.Util/]: Invalid entity rotation: NaN, discarding.
[23Jan2025 00:06:41.545] [Server thread/ERROR] [net.minecraft.Util/]: Invalid entity rotation: NaN, discarding.
[23Jan2025 00:06:41.654] [Server thread/ERROR] [net.minecraft.Util/]: Invalid entity rotation: NaN, discarding.
[23Jan2025 00:06:41.755] [Server thread/ERROR] [net.minecraft.Util/]: Invalid entity rotation: NaN, discarding.
[23Jan2025 00:07:18.244] [Server thread/WARN] [tombstone/]: The death event of the player Rumo_fr3 was canceled by another mod
[23Jan2025 00:07:18.290] [Server thread/INFO] [tombstone/]: The player Rumo_fr3 has successfully been saved
[23Jan2025 00:09:23.834] [Server thread/INFO] [net.minecraft.server.MinecraftServer/]: Thecno662 has made the advancement [My Name is Nobody]
[23Jan2025 00:10:04.452] [Server thread/WARN] [tombstone/]: The death event of the player Thecno662 was canceled by another mod
[23Jan2025 00:10:04.467] [Server thread/INFO] [tombstone/]: The player Thecno662 has successfully been saved
[23Jan2025 00:10:16.762] [Server thread/INFO] [net.minecraft.server.MinecraftServer/]: Thecno662 burned to death
[23Jan2025 00:10:16.765] [Server thread/INFO] [tombstone/]: The player Thecno662 has successfully been saved
[23Jan2025 00:10:20.250] [Server thread/WARN] [tombstone/]: The death event of the player hoaku was canceled by another mod
[23Jan2025 00:10:20.266] [Server thread/INFO] [tombstone/]: The player hoaku has successfully been saved
[23Jan2025 00:10:21.902] [Server thread/WARN] [tombstone/]: The death event of the player Rumo_fr3 was canceled by another mod
[23Jan2025 00:10:21.921] [Server thread/INFO] [tombstone/]: The player Rumo_fr3 has successfully been saved
[23Jan2025 00:10:30.782] [Server thread/INFO] [com.tiviacz.travelersbackpack.TravelersBackpack/]: Created new backpack backup file for Rumo_fr3 with unique ID ba9df8f2-78d9-4df9-a01a-593e145f2b83
[23Jan2025 00:10:30.783] [Server thread/INFO] [com.tiviacz.travelersbackpack.TravelersBackpack/]: Your backpack has been placed at X: -3443 Y: 65 Z: -1853
[23Jan2025 00:10:30.783] [Server thread/INFO] [net.minecraft.server.MinecraftServer/]: Rumo_fr3 was turned into KFC by a dragon
[23Jan2025 00:10:31.364] [Server thread/INFO] [com.tiviacz.travelersbackpack.TravelersBackpack/]: Created new backpack backup file for hoaku with unique ID 9caefad1-ce23-443f-a615-1bea0517d801
[23Jan2025 00:10:31.364] [Server thread/INFO] [com.tiviacz.travelersbackpack.TravelersBackpack/]: Your backpack has been placed at X: -3388 Y: 63 Z: -1824
[23Jan2025 00:10:31.365] [Server thread/INFO] [net.minecraft.server.MinecraftServer/]: hoaku burned to death
[23Jan2025 00:10:31.368] [Server thread/INFO] [tombstone/]: The player hoaku has successfully been saved
[23Jan2025 00:11:02.699] [Server thread/WARN] [tombstone/]: The death event of the player Thecno662 was canceled by another mod
[23Jan2025 00:11:02.719] [Server thread/INFO] [tombstone/]: The player Thecno662 has successfully been saved
[23Jan2025 00:11:08.608] [Server thread/INFO] [net.minecraft.server.MinecraftServer/]: Thecno662 was slain by Fire Dragon
[23Jan2025 00:16:02.223] [Worker-Main-3/ERROR] [net.minecraft.Util/]: Detected setBlock in a far chunk [-184, -172], pos: BlockPos{x=-2944, y=-47, z=-2745}, status: minecraft:features, currently generating: ResourceKey[minecraft:worldgen/placed_feature / deep_dark_regrowth:ancient_fossil]
[23Jan2025 00:16:02.223] [Worker-Main-3/ERROR] [net.minecraft.Util/]: Detected setBlock in a far chunk [-184, -172], pos: BlockPos{x=-2944, y=-47, z=-2744}, status: minecraft:features, currently generating: ResourceKey[minecraft:worldgen/placed_feature / deep_dark_regrowth:ancient_fossil]
[23Jan2025 00:16:02.223] [Worker-Main-3/ERROR] [net.minecraft.Util/]: Detected setBlock in a far chunk [-184, -172], pos: BlockPos{x=-2944, y=-47, z=-2743}, status: minecraft:features, currently generating: ResourceKey[minecraft:worldgen/placed_feature / deep_dark_regrowth:ancient_fossil]
[23Jan2025 00:16:02.224] [Worker-Main-3/ERROR] [net.minecraft.Util/]: Detected setBlock in a far chunk [-184, -172], pos: BlockPos{x=-2944, y=-44, z=-2747}, status: minecraft:features, currently generating: ResourceKey[minecraft:worldgen/placed_feature / deep_dark_regrowth:ancient_fossil]
[23Jan2025 00:16:18.400] [Server thread/WARN] [tombstone/]: The death event of the player Thecno662 was canceled by another mod
[23Jan2025 00:16:18.406] [Server thread/INFO] [tombstone/]: The player Thecno662 has successfully been saved
[23Jan2025 00:16:24.432] [Server thread/INFO] [net.minecraft.server.MinecraftServer/]: Thecno662 burned to death
[23Jan2025 00:17:21.312] [Server thread/INFO] [net.minecraft.server.network.ServerGamePacketListenerImpl/]: Thecno662 lost connection: Disconnected
[23Jan2025 00:17:21.312] [Server thread/INFO] [net.minecraft.server.MinecraftServer/]: Thecno662 left the game
[23Jan2025 00:17:21.379] [Server thread/WARN] [net.minecraft.network.Connection/]: handleDisconnection() called twice
[23Jan2025 00:17:41.630] [Server thread/INFO] [net.minecraft.server.players.PlayerList/]: Thecno662[/127.98.237.17:57945] logged in with entity id 26473 at (-3085.1946150386607, 91.0, -2625.7779129491596)
[23Jan2025 00:17:41.649] [Server thread/INFO] [net.minecraft.server.MinecraftServer/]: Thecno662 joined the game
[23Jan2025 00:17:44.576] [Server thread/WARN] [tombstone/]: The death event of the player Rumo_fr3 was canceled by another mod
[23Jan2025 00:17:44.578] [Server thread/INFO] [tombstone/]: The player Rumo_fr3 has successfully been saved
[23Jan2025 00:17:56.358] [Server thread/WARN] [tombstone/]: The death event of the player Rumo_fr3 was canceled by another mod
[23Jan2025 00:17:56.359] [Server thread/INFO] [tombstone/]: The player Rumo_fr3 has successfully been saved
[23Jan2025 00:18:00.959] [Server thread/INFO] [net.minecraft.server.network.ServerGamePacketListenerImpl/]: Thecno662 lost connection: Disconnected
[23Jan2025 00:18:00.959] [Server thread/INFO] [net.minecraft.server.MinecraftServer/]: Thecno662 left the game
[23Jan2025 00:18:35.753] [Server thread/INFO] [net.minecraft.server.network.ServerGamePacketListenerImpl/]: Rumo_fr3 lost connection: Disconnected
[23Jan2025 00:18:35.754] [Server thread/INFO] [net.minecraft.server.MinecraftServer/]: Rumo_fr3 left the game
[23Jan2025 00:18:37.355] [Server thread/INFO] [net.minecraft.server.network.ServerGamePacketListenerImpl/]: hoaku lost connection: Disconnected
[23Jan2025 00:18:37.356] [Server thread/INFO] [net.minecraft.server.MinecraftServer/]: hoaku left the game
[23Jan2025 00:18:37.697] [Server thread/INFO] [net.minecraft.server.MinecraftServer/]: Stopping the server
[23Jan2025 00:18:37.724] [Server thread/INFO] [net.minecraft.server.MinecraftServer/]: Stopping server
[23Jan2025 00:18:37.725] [Server thread/INFO] [net.minecraft.server.MinecraftServer/]: Saving players
[23Jan2025 00:18:37.725] [Server thread/INFO] [net.minecraft.server.MinecraftServer/]: Saving worlds
[23Jan2025 00:18:38.046] [Server thread/INFO] [net.minecraft.server.MinecraftServer/]: Saving chunks for level 'ServerLevel[world]'/minecraft:overworld
[23Jan2025 00:18:39.085] [Server thread/INFO] [net.minecraft.server.MinecraftServer/]: Saving chunks for level 'ServerLevel[world]'/aether:the_aether
[23Jan2025 00:18:39.085] [Server thread/INFO] [net.minecraft.server.MinecraftServer/]: Saving chunks for level 'ServerLevel[world]'/minecraft:the_end
[23Jan2025 00:18:39.086] [Server thread/INFO] [net.minecraft.server.MinecraftServer/]: Saving chunks for level 'ServerLevel[world]'/witherstormmod:bowels
[23Jan2025 00:18:39.087] [Server thread/INFO] [net.minecraft.server.MinecraftServer/]: Saving chunks for level 'ServerLevel[world]'/minecraft:the_nether
[23Jan2025 00:18:39.088] [Server thread/INFO] [net.minecraft.server.MinecraftServer/]: Saving chunks for level 'ServerLevel[world]'/the_bumblezone:the_bumblezone
[23Jan2025 00:18:39.088] [Server thread/INFO] [net.minecraft.server.MinecraftServer/]: Saving chunks for level 'ServerLevel[world]'/twilightforest:twilight_forest
[23Jan2025 00:18:39.197] [Server thread/INFO] [net.minecraft.server.MinecraftServer/]: ThreadedAnvilChunkStorage (world): All chunks are saved
[23Jan2025 00:18:39.197] [Server thread/INFO] [net.minecraft.server.MinecraftServer/]: ThreadedAnvilChunkStorage (the_aether): All chunks are saved
[23Jan2025 00:18:39.198] [Server thread/INFO] [net.minecraft.server.MinecraftServer/]: ThreadedAnvilChunkStorage (DIM1): All chunks are saved
[23Jan2025 00:18:39.198] [Server thread/INFO] [net.minecraft.server.MinecraftServer/]: ThreadedAnvilChunkStorage (bowels): All chunks are saved
[23Jan2025 00:18:39.198] [Server thread/INFO] [net.minecraft.server.MinecraftServer/]: ThreadedAnvilChunkStorage (DIM-1): All chunks are saved
[23Jan2025 00:18:39.198] [Server thread/INFO] [net.minecraft.server.MinecraftServer/]: ThreadedAnvilChunkStorage (the_bumblezone): All chunks are saved
[23Jan2025 00:18:39.198] [Server thread/INFO] [net.minecraft.server.MinecraftServer/]: ThreadedAnvilChunkStorage (twilight_forest): All chunks are saved
[23Jan2025 00:18:39.198] [Server thread/INFO] [net.minecraft.server.MinecraftServer/]: ThreadedAnvilChunkStorage: All dimensions are saved
[23Jan2025 00:18:39.299] [Server thread/INFO] [Framework/]: Unloading server configs...
[23Jan2025 00:18:39.301] [Server thread/INFO] [Framework/]: Sending config unload event for goblintraders-entities.toml
[23Jan2025 00:18:39.303] [Server thread/INFO] [Framework/]: Finished unloading server configs
